<?xml version="1.0" encoding="UTF-8"?>
<TestRun id="d0e262fc-15c5-41a3-a317-ddb4a9fa2204" name="DOG@BLACKDOG 2015-10-28 07:23:33" runUser="BLACKDOG\DOG" xmlns="http://microsoft.com/schemas/VisualStudio/TeamTest/2010">
  <TestSettings name="Local" id="f24d75fa-cab9-4fb6-b34b-e9f2824d8a1c">
    <Description>These are default test settings for a local test run.</Description>
    <Deployment enabled="false" runDeploymentRoot="DOG_BLACKDOG 2015-10-28 07_23_33">
      <DeploymentItem filename="E:\New folder\battleship\c# folder\C# swingame\bin\Debug\MyGame.exe" />
      <DeploymentItem filename="E:\New folder\battleship\c# folder\C# swingame\lib\SwinGame.dll" />
    </Deployment>
    <Execution>
      <TestTypeSpecific />
      <AgentRule name="Execution Agents">
      </AgentRule>
    </Execution>
  </TestSettings>
  <Times creation="2015-10-28T07:23:33.0363493+11:00" queuing="2015-10-28T07:23:33.2735097+11:00" start="2015-10-28T07:23:33.3025302+11:00" finish="2015-10-28T07:23:33.5067030+11:00" />
  <ResultSummary outcome="Failed">
    <Counters total="1" executed="1" error="0" failed="1" timeout="0" aborted="0" inconclusive="0" passedButRunAborted="0" notRunnable="0" notExecuted="0" disconnected="0" warning="0" passed="0" completed="0" inProgress="0" pending="0" />
    <RunInfos>
      <RunInfo computerName="BLACKDOG" outcome="Warning" timestamp="2015-10-28T07:23:33.1484204+11:00">
        <Text>Deployment is currently disabled. The deployment item 'MyGame.exe' on test 'TestProject1.MenuControllerTest.PerformSetupMenuActionTest' was not deployed.</Text>
      </RunInfo>
    </RunInfos>
  </ResultSummary>
  <TestDefinitions>
    <UnitTest name="PerformSetupMenuActionTest" storage="e:\new folder\battleship\c# folder\c# swingame\testproject1\bin\debug\testproject1.dll" id="3ba4b1c5-6fad-2ec7-184c-829ec2240eb2">
      <DeploymentItems>
        <DeploymentItem filename="MyGame.exe" />
      </DeploymentItems>
      <Execution id="09f1f810-2c24-4db7-9019-57b552f89d02" />
      <TestMethod codeBase="E:/New folder/battleship/c# folder/C# swingame/TestProject1/bin/Debug/TestProject1.DLL" adapterTypeName="Microsoft.VisualStudio.TestTools.TestTypes.Unit.UnitTestAdapter, Microsoft.VisualStudio.QualityTools.Tips.UnitTest.Adapter, Version=10.0.0.0, Culture=neutral, PublicKeyToken=b03f5f7f11d50a3a" className="TestProject1.MenuControllerTest, TestProject1, Version=1.0.0.0, Culture=neutral, PublicKeyToken=null" name="PerformSetupMenuActionTest" />
    </UnitTest>
  </TestDefinitions>
  <TestLists>
    <TestList name="Results Not in a List" id="8c84fa94-04c1-424b-9868-57a2d4851a1d" />
    <TestList name="All Loaded Results" id="19431567-8539-422a-85d7-44ee4e166bda" />
  </TestLists>
  <TestEntries>
    <TestEntry testId="3ba4b1c5-6fad-2ec7-184c-829ec2240eb2" executionId="09f1f810-2c24-4db7-9019-57b552f89d02" testListId="8c84fa94-04c1-424b-9868-57a2d4851a1d" />
  </TestEntries>
  <Results>
    <UnitTestResult executionId="09f1f810-2c24-4db7-9019-57b552f89d02" testId="3ba4b1c5-6fad-2ec7-184c-829ec2240eb2" testName="PerformSetupMenuActionTest" computerName="BLACKDOG" duration="00:00:00.0348182" startTime="2015-10-28T07:23:33.3055319+11:00" endTime="2015-10-28T07:23:33.4816998+11:00" testType="13cdc9d9-ddb5-4fa4-a97d-d965ccfc6d4b" outcome="Failed" testListId="8c84fa94-04c1-424b-9868-57a2d4851a1d" relativeResultsDirectory="09f1f810-2c24-4db7-9019-57b552f89d02">
      <Output>
        <ErrorInfo>
          <Message>Test method TestProject1.MenuControllerTest.PerformSetupMenuActionTest threw exception: 
System.TypeInitializationException: The type initializer for 'MenuController' threw an exception. ---&gt; System.TypeInitializationException: The type initializer for 'SwinGameSDK.sgLibrary' threw an exception. ---&gt; System.DllNotFoundException: Unable to load DLL 'sgsdk.dll': The specified module could not be found. (Exception from HRESULT: 0x8007007E)</Message>
          <StackTrace>    at SwinGameSDK.sgLibrary.DLL_sg_Utils_ExceptionOccured()
   at SwinGameSDK.sgLibrary.sg_Resources_SetAppPathWithExe(String path, Int32 withExe)
   at SwinGameSDK.Resources.SetAppPath(String path, Boolean withExe)
   at SwinGameSDK.sgLibrary..cctor()
 --- End of inner exception stack trace ---
    at SwinGameSDK.sgLibrary.sg_Graphics_RGBAColor(Byte red, Byte green, Byte blue, Byte alpha)
   at SwinGameSDK.SwinGame.RGBAColor(Byte red, Byte green, Byte blue, Byte alpha)
   at MenuController..cctor() in E:\New folder\battleship\c# folder\C# swingame\src\MenuController.cs:line 68
 --- End of inner exception stack trace ---
   at MenuController_Accessor.PerformSetupMenuAction(Int32 button)
   at TestProject1.MenuControllerTest.PerformSetupMenuActionTest() in E:\New folder\battleship\c# folder\C# swingame\TestProject1\MenuControllerTest.cs:line 74
</StackTrace>
        </ErrorInfo>
      </Output>
    </UnitTestResult>
  </Results>
</TestRun>